This is pdfTeX, Version 3.141592653-2.6-1.40.28 (TeX Live 2025) (preloaded format=pdflatex 2025.7.16)  3 OCT 2025 00:36
entering extended mode
 restricted \write18 enabled.
 file:line:error style messages enabled.
 %&-line parsing enabled.
**"d:/UNIVERSIDAD_UTP/Curso_Inteligencia_Artificial/S06 - Aprendizaje de reglas/S06.s11_guia_laboratorio/S06.s11_guia_laboratorio.tex"
(d:/UNIVERSIDAD_UTP/Curso_Inteligencia_Artificial/S06 - Aprendizaje de reglas/S06.s11_guia_laboratorio/S06.s11_guia_laboratorio.tex
LaTeX2e <2025-06-01> patch level 1
L3 programming layer <2025-07-11>
(c:/texlive/2025/texmf-dist/tex/latex/base/article.cls
Document Class: article 2025/01/22 v1.4n Standard LaTeX document class
(c:/texlive/2025/texmf-dist/tex/latex/base/size12.clo
File: size12.clo 2025/01/22 v1.4n Standard LaTeX file (size option)
)
\c@part=\count275
\c@section=\count276
\c@subsection=\count277
\c@subsubsection=\count278
\c@paragraph=\count279
\c@subparagraph=\count280
\c@figure=\count281
\c@table=\count282
\abovecaptionskip=\skip49
\belowcaptionskip=\skip50
\bibindent=\dimen148
) (c:/texlive/2025/texmf-dist/tex/latex/base/inputenc.sty
Package: inputenc 2024/02/08 v1.3d Input encoding file
\inpenc@prehook=\toks17
\inpenc@posthook=\toks18
) (c:/texlive/2025/texmf-dist/tex/latex/base/fontenc.sty
Package: fontenc 2024/12/21 v2.1c Standard LaTeX package
) (c:/texlive/2025/texmf-dist/tex/generic/babel/babel.sty
Package: babel 2025/07/13 v25.11 The multilingual framework for LuaLaTeX, pdfLaTeX and XeLaTeX
\babel@savecnt=\count283
LaTeX Encoding Info:    Redeclaring text command \ij (encoding OT1) on input line 2045.
LaTeX Encoding Info:    Redeclaring text command \IJ (encoding OT1) on input line 2047.
LaTeX Encoding Info:    Redeclaring text command \ij (encoding T1) on input line 2049.
LaTeX Encoding Info:    Redeclaring text command \IJ (encoding T1) on input line 2050.
LaTeX Encoding Info:    Ignoring declaration for text command \ij (encoding ?) on input line 2051.
LaTeX Encoding Info:    Ignoring declaration for text command \IJ (encoding ?) on input line 2053.
LaTeX Encoding Info:    Ignoring declaration for text command \SS (encoding ?) on input line 2078.
\U@D=\dimen149
\l@unhyphenated=\language90
 (c:/texlive/2025/texmf-dist/tex/generic/babel/txtbabel.def)
\bbl@readstream=\read2
\bbl@dirlevel=\count284
 (c:/texlive/2025/texmf-dist/tex/generic/babel-spanish/spanish.ldf
Language: spanish.ldf 2021/05/27 v5.0q Spanish support from the babel system
 (c:/texlive/2025/texmf-dist/tex/generic/babel/locale/es/babel-spanish.tex
Package babel Info: Importing font and identification data for spanish
(babel)             from babel-es.ini. Reported on input line 12.
)
\es@quottoks=\toks19
\es@quotdepth=\count285
Package babel Info: Making " an active character on input line 570.
Package babel Info: Making . an active character on input line 675.
Package babel Info: Making < an active character on input line 722.
Package babel Info: Making > an active character on input line 722.
))
LaTeX Encoding Info:    Redeclaring text command \guillemotleft (encoding OT1) on input line 5.
LaTeX Encoding Info:    Redeclaring text command \guillemotright (encoding OT1) on input line 5.
 (c:/texlive/2025/texmf-dist/tex/latex/amsmath/amsmath.sty
Package: amsmath 2025/06/16 v2.17y AMS math features
\@mathmargin=\skip51

For additional information on amsmath, use the `?' option.
(c:/texlive/2025/texmf-dist/tex/latex/amsmath/amstext.sty
Package: amstext 2024/11/17 v2.01 AMS text
 (c:/texlive/2025/texmf-dist/tex/latex/amsmath/amsgen.sty
File: amsgen.sty 1999/11/30 v2.0 generic functions
\@emptytoks=\toks20
\ex@=\dimen150
)) (c:/texlive/2025/texmf-dist/tex/latex/amsmath/amsbsy.sty
Package: amsbsy 1999/11/29 v1.2d Bold Symbols
\pmbraise@=\dimen151
) (c:/texlive/2025/texmf-dist/tex/latex/amsmath/amsopn.sty
Package: amsopn 2022/04/08 v2.04 operator names
)
\inf@bad=\count286
LaTeX Info: Redefining \frac on input line 233.
\uproot@=\count287
\leftroot@=\count288
LaTeX Info: Redefining \overline on input line 398.
LaTeX Info: Redefining \colon on input line 409.
\classnum@=\count289
\DOTSCASE@=\count290
LaTeX Info: Redefining \ldots on input line 495.
LaTeX Info: Redefining \dots on input line 498.
LaTeX Info: Redefining \cdots on input line 619.
\Mathstrutbox@=\box53
\strutbox@=\box54
LaTeX Info: Redefining \big on input line 721.
LaTeX Info: Redefining \Big on input line 722.
LaTeX Info: Redefining \bigg on input line 723.
LaTeX Info: Redefining \Bigg on input line 724.
\big@size=\dimen152
LaTeX Font Info:    Redeclaring font encoding OML on input line 742.
LaTeX Font Info:    Redeclaring font encoding OMS on input line 743.
\macc@depth=\count291
LaTeX Info: Redefining \bmod on input line 904.
LaTeX Info: Redefining \pmod on input line 909.
LaTeX Info: Redefining \smash on input line 939.
LaTeX Info: Redefining \relbar on input line 969.
LaTeX Info: Redefining \Relbar on input line 970.
\c@MaxMatrixCols=\count292
\dotsspace@=\muskip17
\c@parentequation=\count293
\dspbrk@lvl=\count294
\tag@help=\toks21
\row@=\count295
\column@=\count296
\maxfields@=\count297
\andhelp@=\toks22
\eqnshift@=\dimen153
\alignsep@=\dimen154
\tagshift@=\dimen155
\tagwidth@=\dimen156
\totwidth@=\dimen157
\lineht@=\dimen158
\@envbody=\toks23
\multlinegap=\skip52
\multlinetaggap=\skip53
\mathdisplay@stack=\toks24
LaTeX Info: Redefining \[ on input line 2949.
LaTeX Info: Redefining \] on input line 2950.
) (c:/texlive/2025/texmf-dist/tex/latex/amsfonts/amsfonts.sty
Package: amsfonts 2013/01/14 v3.01 Basic AMSFonts support
\symAMSa=\mathgroup4
\symAMSb=\mathgroup5
LaTeX Font Info:    Redeclaring math symbol \hbar on input line 98.
LaTeX Font Info:    Overwriting math alphabet `\mathfrak' in version `bold'
(Font)                  U/euf/m/n --> U/euf/b/n on input line 106.
) (c:/texlive/2025/texmf-dist/tex/latex/amsfonts/amssymb.sty
Package: amssymb 2013/01/14 v3.01 AMS font symbols
) (c:/texlive/2025/texmf-dist/tex/latex/graphics/graphicx.sty
Package: graphicx 2024/12/31 v1.2e Enhanced LaTeX Graphics (DPC,SPQR)
 (c:/texlive/2025/texmf-dist/tex/latex/graphics/keyval.sty
Package: keyval 2022/05/29 v1.15 key=value parser (DPC)
\KV@toks@=\toks25
) (c:/texlive/2025/texmf-dist/tex/latex/graphics/graphics.sty
Package: graphics 2024/08/06 v1.4g Standard LaTeX Graphics (DPC,SPQR)
 (c:/texlive/2025/texmf-dist/tex/latex/graphics/trig.sty
Package: trig 2023/12/02 v1.11 sin cos tan (DPC)
) (c:/texlive/2025/texmf-dist/tex/latex/graphics-cfg/graphics.cfg
File: graphics.cfg 2016/06/04 v1.11 sample graphics configuration
)
Package graphics Info: Driver file: pdftex.def on input line 106.
 (c:/texlive/2025/texmf-dist/tex/latex/graphics-def/pdftex.def
File: pdftex.def 2024/04/13 v1.2c Graphics/color driver for pdftex
))
\Gin@req@height=\dimen159
\Gin@req@width=\dimen160
) (c:/texlive/2025/texmf-dist/tex/latex/listings/listings.sty
\lst@mode=\count298
\lst@gtempboxa=\box55
\lst@token=\toks26
\lst@length=\count299
\lst@currlwidth=\dimen161
\lst@column=\count300
\lst@pos=\count301
\lst@lostspace=\dimen162
\lst@width=\dimen163
\lst@newlines=\count302
\lst@lineno=\count303
\lst@maxwidth=\dimen164
 (c:/texlive/2025/texmf-dist/tex/latex/listings/lstpatch.sty
File: lstpatch.sty 2024/09/23 1.10c (Carsten Heinz)
) (c:/texlive/2025/texmf-dist/tex/latex/listings/lstmisc.sty
File: lstmisc.sty 2024/09/23 1.10c (Carsten Heinz)
\c@lstnumber=\count304
\lst@skipnumbers=\count305
\lst@framebox=\box56
) (c:/texlive/2025/texmf-dist/tex/latex/listings/listings.cfg
File: listings.cfg 2024/09/23 1.10c listings configuration
))
Package: listings 2024/09/23 1.10c (Carsten Heinz)
 (c:/texlive/2025/texmf-dist/tex/latex/xcolor/xcolor.sty
Package: xcolor 2024/09/29 v3.02 LaTeX color extensions (UK)
 (c:/texlive/2025/texmf-dist/tex/latex/graphics-cfg/color.cfg
File: color.cfg 2016/01/02 v1.6 sample color configuration
)
Package xcolor Info: Driver file: pdftex.def on input line 274.
 (c:/texlive/2025/texmf-dist/tex/latex/graphics/mathcolor.ltx)
Package xcolor Info: Model `cmy' substituted by `cmy0' on input line 1349.
Package xcolor Info: Model `hsb' substituted by `rgb' on input line 1353.
Package xcolor Info: Model `RGB' extended on input line 1365.
Package xcolor Info: Model `HTML' substituted by `rgb' on input line 1367.
Package xcolor Info: Model `Hsb' substituted by `hsb' on input line 1368.
Package xcolor Info: Model `tHsb' substituted by `hsb' on input line 1369.
Package xcolor Info: Model `HSB' substituted by `hsb' on input line 1370.
Package xcolor Info: Model `Gray' substituted by `gray' on input line 1371.
Package xcolor Info: Model `wave' substituted by `hsb' on input line 1372.
) (c:/texlive/2025/texmf-dist/tex/latex/geometry/geometry.sty
Package: geometry 2020/01/02 v5.9 Page Geometry
 (c:/texlive/2025/texmf-dist/tex/generic/iftex/ifvtex.sty
Package: ifvtex 2019/10/25 v1.7 ifvtex legacy package. Use iftex instead.
 (c:/texlive/2025/texmf-dist/tex/generic/iftex/iftex.sty
Package: iftex 2024/12/12 v1.0g TeX engine tests
))
\Gm@cnth=\count306
\Gm@cntv=\count307
\c@Gm@tempcnt=\count308
\Gm@bindingoffset=\dimen165
\Gm@wd@mp=\dimen166
\Gm@odd@mp=\dimen167
\Gm@even@mp=\dimen168
\Gm@layoutwidth=\dimen169
\Gm@layoutheight=\dimen170
\Gm@layouthoffset=\dimen171
\Gm@layoutvoffset=\dimen172
\Gm@dimlist=\toks27
) (c:/texlive/2025/texmf-dist/tex/latex/enumitem/enumitem.sty
Package: enumitem 2025/02/06 v3.11 Customized lists
\labelindent=\skip54
\enit@outerparindent=\dimen173
\enit@toks=\toks28
\enit@inbox=\box57
\enit@count@id=\count309
\enitdp@description=\count310
) (c:/texlive/2025/texmf-dist/tex/latex/l3backend/l3backend-pdftex.def
File: l3backend-pdftex.def 2025-06-09 L3 backend support: PDF output (pdfTeX)
\l__color_backend_stack_int=\count311
) (./S06.s11_guia_laboratorio.aux)
\openout1 = `S06.s11_guia_laboratorio.aux'.

LaTeX Font Info:    Checking defaults for OML/cmm/m/it on input line 46.
LaTeX Font Info:    ... okay on input line 46.
LaTeX Font Info:    Checking defaults for OMS/cmsy/m/n on input line 46.
LaTeX Font Info:    ... okay on input line 46.
LaTeX Font Info:    Checking defaults for OT1/cmr/m/n on input line 46.
LaTeX Font Info:    ... okay on input line 46.
LaTeX Font Info:    Checking defaults for T1/cmr/m/n on input line 46.
LaTeX Font Info:    ... okay on input line 46.
LaTeX Font Info:    Checking defaults for TS1/cmr/m/n on input line 46.
LaTeX Font Info:    ... okay on input line 46.
LaTeX Font Info:    Checking defaults for OMX/cmex/m/n on input line 46.
LaTeX Font Info:    ... okay on input line 46.
LaTeX Font Info:    Checking defaults for U/cmr/m/n on input line 46.
LaTeX Font Info:    ... okay on input line 46.
LaTeX Info: Redefining \. on input line 46.
LaTeX Info: Redefining \% on input line 46.
Package babel Info: 'spanish' activates 'spanish' shorthands.
(babel)             Reported on input line 46.
 (c:/texlive/2025/texmf-dist/tex/context/base/mkii/supp-pdf.mkii
[Loading MPS to PDF converter (version 2006.09.02).]
\scratchcounter=\count312
\scratchdimen=\dimen174
\scratchbox=\box58
\nofMPsegments=\count313
\nofMParguments=\count314
\everyMPshowfont=\toks29
\MPscratchCnt=\count315
\MPscratchDim=\dimen175
\MPnumerator=\count316
\makeMPintoPDFobject=\count317
\everyMPtoPDFconversion=\toks30
) (c:/texlive/2025/texmf-dist/tex/latex/epstopdf-pkg/epstopdf-base.sty
Package: epstopdf-base 2020-01-24 v2.11 Base part for package epstopdf
Package epstopdf-base Info: Redefining graphics rule for `.eps' on input line 485.
 (c:/texlive/2025/texmf-dist/tex/latex/latexconfig/epstopdf-sys.cfg
File: epstopdf-sys.cfg 2010/07/13 v1.3 Configuration of (r)epstopdf for TeX Live
))
\c@lstlisting=\count318

*geometry* driver: auto-detecting
*geometry* detected driver: pdftex
*geometry* verbose mode - [ preamble ] result:
* driver: pdftex
* paper: a4paper
* layout: <same size as paper>
* layoutoffset:(h,v)=(0.0pt,0.0pt)
* modes: 
* h-part:(L,W,R)=(72.26999pt, 452.9679pt, 72.26999pt)
* v-part:(T,H,B)=(72.26999pt, 700.50687pt, 72.26999pt)
* \paperwidth=597.50787pt
* \paperheight=845.04684pt
* \textwidth=452.9679pt
* \textheight=700.50687pt
* \oddsidemargin=0.0pt
* \evensidemargin=0.0pt
* \topmargin=-37.0pt
* \headheight=12.0pt
* \headsep=25.0pt
* \topskip=12.0pt
* \footskip=30.0pt
* \marginparwidth=35.0pt
* \marginparsep=10.0pt
* \columnsep=10.0pt
* \skip\footins=10.8pt plus 4.0pt minus 2.0pt
* \hoffset=0.0pt
* \voffset=0.0pt
* \mag=1000
* \@twocolumnfalse
* \@twosidefalse
* \@mparswitchfalse
* \@reversemarginfalse
* (1in=72.27pt=25.4mm, 1cm=28.453pt)

LaTeX Font Info:    Trying to load font information for U+msa on input line 48.
(c:/texlive/2025/texmf-dist/tex/latex/amsfonts/umsa.fd
File: umsa.fd 2013/01/14 v3.01 AMS symbols A
)
LaTeX Font Info:    Trying to load font information for U+msb on input line 48.
 (c:/texlive/2025/texmf-dist/tex/latex/amsfonts/umsb.fd
File: umsb.fd 2013/01/14 v3.01 AMS symbols B
) (c:/texlive/2025/texmf-dist/tex/latex/listings/lstlang1.sty
File: lstlang1.sty 2024/09/23 1.10c listings language file
)

[1

{c:/texlive/2025/texmf-var/fonts/map/pdftex/updmap/pdftex.map}{c:/texlive/2025/texmf-dist/fonts/enc/dvips/cm-super/cm-super-t1.enc}]

d:/UNIVERSIDAD_UTP/Curso_Inteligencia_Artificial/S06 - Aprendizaje de reglas/S06.s11_guia_laboratorio/S06.s11_guia_laboratorio.tex:93: LaTeX Error: Invalid UTF-8 byte sequence (\expandafter).

See the LaTeX manual or LaTeX Companion for explanation.
Type  H <return>  for immediate help.
 ...                                              
                                                  
l.93 # Preprocesamiento b谩sico
                               
The document does not appear to be in UTF-8 encoding.
Try adding \UseRawInputEncoding as the first line of the file
or specify an encoding such as \usepackage [latin1]{inputenc}
in the document preamble.
Alternatively, save the file in UTF-8 using your editor or another tool


d:/UNIVERSIDAD_UTP/Curso_Inteligencia_Artificial/S06 - Aprendizaje de reglas/S06.s11_guia_laboratorio/S06.s11_guia_laboratorio.tex:93: LaTeX Error: Invalid UTF-8 byte "A1.

See the LaTeX manual or LaTeX Companion for explanation.
Type  H <return>  for immediate help.
 ...                                              
                                                  
l.93 # Preprocesamiento b谩sico
                               
The document does not appear to be in UTF-8 encoding.
Try adding \UseRawInputEncoding as the first line of the file
or specify an encoding such as \usepackage [latin1]{inputenc}
in the document preamble.
Alternatively, save the file in UTF-8 using your editor or another tool


d:/UNIVERSIDAD_UTP/Curso_Inteligencia_Artificial/S06 - Aprendizaje de reglas/S06.s11_guia_laboratorio/S06.s11_guia_laboratorio.tex:98: LaTeX Error: Invalid UTF-8 byte sequence (\expandafter).

See the LaTeX manual or LaTeX Companion for explanation.
Type  H <return>  for immediate help.
 ...                                              
                                                  
l.98 # Seleccionar caracter铆sticas 
                                    relevantes
The document does not appear to be in UTF-8 encoding.
Try adding \UseRawInputEncoding as the first line of the file
or specify an encoding such as \usepackage [latin1]{inputenc}
in the document preamble.
Alternatively, save the file in UTF-8 using your editor or another tool


d:/UNIVERSIDAD_UTP/Curso_Inteligencia_Artificial/S06 - Aprendizaje de reglas/S06.s11_guia_laboratorio/S06.s11_guia_laboratorio.tex:98: LaTeX Error: Invalid UTF-8 byte "AD.

See the LaTeX manual or LaTeX Companion for explanation.
Type  H <return>  for immediate help.
 ...                                              
                                                  
l.98 # Seleccionar caracter铆sticas 
                                    relevantes
The document does not appear to be in UTF-8 encoding.
Try adding \UseRawInputEncoding as the first line of the file
or specify an encoding such as \usepackage [latin1]{inputenc}
in the document preamble.
Alternatively, save the file in UTF-8 using your editor or another tool


d:/UNIVERSIDAD_UTP/Curso_Inteligencia_Artificial/S06 - Aprendizaje de reglas/S06.s11_guia_laboratorio/S06.s11_guia_laboratorio.tex:110: LaTeX Error: Invalid UTF-8 byte sequence (\expandafter).

See the LaTeX manual or LaTeX Companion for explanation.
Type  H <return>  for immediate help.
 ...                                              
                                                  
l.110 ...r el mejor umbral para la caracter铆stica
                                                  
The document does not appear to be in UTF-8 encoding.
Try adding \UseRawInputEncoding as the first line of the file
or specify an encoding such as \usepackage [latin1]{inputenc}
in the document preamble.
Alternatively, save the file in UTF-8 using your editor or another tool


d:/UNIVERSIDAD_UTP/Curso_Inteligencia_Artificial/S06 - Aprendizaje de reglas/S06.s11_guia_laboratorio/S06.s11_guia_laboratorio.tex:110: LaTeX Error: Invalid UTF-8 byte "AD.

See the LaTeX manual or LaTeX Companion for explanation.
Type  H <return>  for immediate help.
 ...                                              
                                                  
l.110 ...r el mejor umbral para la caracter铆stica
                                                  
The document does not appear to be in UTF-8 encoding.
Try adding \UseRawInputEncoding as the first line of the file
or specify an encoding such as \usepackage [latin1]{inputenc}
in the document preamble.
Alternatively, save the file in UTF-8 using your editor or another tool


d:/UNIVERSIDAD_UTP/Curso_Inteligencia_Artificial/S06 - Aprendizaje de reglas/S06.s11_guia_laboratorio/S06.s11_guia_laboratorio.tex:124: LaTeX Error: Invalid UTF-8 byte sequence (\expandafter).

See the LaTeX manual or LaTeX Companion for explanation.
Type  H <return>  for immediate help.
 ...                                              
                                                  
l.124 # Probar con diferentes caracter铆sticas
                                              
The document does not appear to be in UTF-8 encoding.
Try adding \UseRawInputEncoding as the first line of the file
or specify an encoding such as \usepackage [latin1]{inputenc}
in the document preamble.
Alternatively, save the file in UTF-8 using your editor or another tool


d:/UNIVERSIDAD_UTP/Curso_Inteligencia_Artificial/S06 - Aprendizaje de reglas/S06.s11_guia_laboratorio/S06.s11_guia_laboratorio.tex:124: LaTeX Error: Invalid UTF-8 byte "AD.

See the LaTeX manual or LaTeX Companion for explanation.
Type  H <return>  for immediate help.
 ...                                              
                                                  
l.124 # Probar con diferentes caracter铆sticas
                                              
The document does not appear to be in UTF-8 encoding.
Try adding \UseRawInputEncoding as the first line of the file
or specify an encoding such as \usepackage [latin1]{inputenc}
in the document preamble.
Alternatively, save the file in UTF-8 using your editor or another tool


d:/UNIVERSIDAD_UTP/Curso_Inteligencia_Artificial/S06 - Aprendizaje de reglas/S06.s11_guia_laboratorio/S06.s11_guia_laboratorio.tex:127: LaTeX Error: Invalid UTF-8 byte sequence (\expandafter).

See the LaTeX manual or LaTeX Companion for explanation.
Type  H <return>  for immediate help.
 ...                                              
                                                  
l.127     print(f"Caracter铆stica:
                                   {feature}, Umbral: {threshold:.2f}, Preci...
The document does not appear to be in UTF-8 encoding.
Try adding \UseRawInputEncoding as the first line of the file
or specify an encoding such as \usepackage [latin1]{inputenc}
in the document preamble.
Alternatively, save the file in UTF-8 using your editor or another tool


d:/UNIVERSIDAD_UTP/Curso_Inteligencia_Artificial/S06 - Aprendizaje de reglas/S06.s11_guia_laboratorio/S06.s11_guia_laboratorio.tex:127: LaTeX Error: Invalid UTF-8 byte "AD.

See the LaTeX manual or LaTeX Companion for explanation.
Type  H <return>  for immediate help.
 ...                                              
                                                  
l.127     print(f"Caracter铆stica:
                                   {feature}, Umbral: {threshold:.2f}, Preci...
The document does not appear to be in UTF-8 encoding.
Try adding \UseRawInputEncoding as the first line of the file
or specify an encoding such as \usepackage [latin1]{inputenc}
in the document preamble.
Alternatively, save the file in UTF-8 using your editor or another tool


d:/UNIVERSIDAD_UTP/Curso_Inteligencia_Artificial/S06 - Aprendizaje de reglas/S06.s11_guia_laboratorio/S06.s11_guia_laboratorio.tex:127: LaTeX Error: Invalid UTF-8 byte sequence (\expandafter).

See the LaTeX manual or LaTeX Companion for explanation.
Type  H <return>  for immediate help.
 ...                                              
                                                  
l.127 ...re}, Umbral: {threshold:.2f}, Precisi贸n:
                                                   {accuracy:.2f}")
The document does not appear to be in UTF-8 encoding.
Try adding \UseRawInputEncoding as the first line of the file
or specify an encoding such as \usepackage [latin1]{inputenc}
in the document preamble.
Alternatively, save the file in UTF-8 using your editor or another tool


d:/UNIVERSIDAD_UTP/Curso_Inteligencia_Artificial/S06 - Aprendizaje de reglas/S06.s11_guia_laboratorio/S06.s11_guia_laboratorio.tex:127: LaTeX Error: Invalid UTF-8 byte "B3.

See the LaTeX manual or LaTeX Companion for explanation.
Type  H <return>  for immediate help.
 ...                                              
                                                  
l.127 ...re}, Umbral: {threshold:.2f}, Precisi贸n:
                                                   {accuracy:.2f}")
The document does not appear to be in UTF-8 encoding.
Try adding \UseRawInputEncoding as the first line of the file
or specify an encoding such as \usepackage [latin1]{inputenc}
in the document preamble.
Alternatively, save the file in UTF-8 using your editor or another tool



[2]

d:/UNIVERSIDAD_UTP/Curso_Inteligencia_Artificial/S06 - Aprendizaje de reglas/S06.s11_guia_laboratorio/S06.s11_guia_laboratorio.tex:137: LaTeX Error: Invalid UTF-8 byte sequence (\lst@FillFixed@).

See the LaTeX manual or LaTeX Companion for explanation.
Type  H <return>  for immediate help.
 ...                                              
                                                  
l.137 # Entrenar 谩rbol 
                        de decisi贸n con una sola regla
The document does not appear to be in UTF-8 encoding.
Try adding \UseRawInputEncoding as the first line of the file
or specify an encoding such as \usepackage [latin1]{inputenc}
in the document preamble.
Alternatively, save the file in UTF-8 using your editor or another tool


d:/UNIVERSIDAD_UTP/Curso_Inteligencia_Artificial/S06 - Aprendizaje de reglas/S06.s11_guia_laboratorio/S06.s11_guia_laboratorio.tex:137: LaTeX Error: Invalid UTF-8 byte "A1.

See the LaTeX manual or LaTeX Companion for explanation.
Type  H <return>  for immediate help.
 ...                                              
                                                  
l.137 # Entrenar 谩rbol 
                        de decisi贸n con una sola regla
The document does not appear to be in UTF-8 encoding.
Try adding \UseRawInputEncoding as the first line of the file
or specify an encoding such as \usepackage [latin1]{inputenc}
in the document preamble.
Alternatively, save the file in UTF-8 using your editor or another tool


d:/UNIVERSIDAD_UTP/Curso_Inteligencia_Artificial/S06 - Aprendizaje de reglas/S06.s11_guia_laboratorio/S06.s11_guia_laboratorio.tex:137: LaTeX Error: Invalid UTF-8 byte sequence (\expandafter).

See the LaTeX manual or LaTeX Companion for explanation.
Type  H <return>  for immediate help.
 ...                                              
                                                  
l.137 # Entrenar 谩rbol de decisi贸n 
                                     con una sola regla
The document does not appear to be in UTF-8 encoding.
Try adding \UseRawInputEncoding as the first line of the file
or specify an encoding such as \usepackage [latin1]{inputenc}
in the document preamble.
Alternatively, save the file in UTF-8 using your editor or another tool


d:/UNIVERSIDAD_UTP/Curso_Inteligencia_Artificial/S06 - Aprendizaje de reglas/S06.s11_guia_laboratorio/S06.s11_guia_laboratorio.tex:137: LaTeX Error: Invalid UTF-8 byte "B3.

See the LaTeX manual or LaTeX Companion for explanation.
Type  H <return>  for immediate help.
 ...                                              
                                                  
l.137 # Entrenar 谩rbol de decisi贸n 
                                     con una sola regla
The document does not appear to be in UTF-8 encoding.
Try adding \UseRawInputEncoding as the first line of the file
or specify an encoding such as \usepackage [latin1]{inputenc}
in the document preamble.
Alternatively, save the file in UTF-8 using your editor or another tool


d:/UNIVERSIDAD_UTP/Curso_Inteligencia_Artificial/S06 - Aprendizaje de reglas/S06.s11_guia_laboratorio/S06.s11_guia_laboratorio.tex:144: LaTeX Error: Invalid UTF-8 byte sequence (\expandafter).

See the LaTeX manual or LaTeX Companion for explanation.
Type  H <return>  for immediate help.
 ...                                              
                                                  
l.144 print(f"Precisi贸n 
                         del 谩rbol de una regla: {accuracy:.2f}")
The document does not appear to be in UTF-8 encoding.
Try adding \UseRawInputEncoding as the first line of the file
or specify an encoding such as \usepackage [latin1]{inputenc}
in the document preamble.
Alternatively, save the file in UTF-8 using your editor or another tool


d:/UNIVERSIDAD_UTP/Curso_Inteligencia_Artificial/S06 - Aprendizaje de reglas/S06.s11_guia_laboratorio/S06.s11_guia_laboratorio.tex:144: LaTeX Error: Invalid UTF-8 byte "B3.

See the LaTeX manual or LaTeX Companion for explanation.
Type  H <return>  for immediate help.
 ...                                              
                                                  
l.144 print(f"Precisi贸n 
                         del 谩rbol de una regla: {accuracy:.2f}")
The document does not appear to be in UTF-8 encoding.
Try adding \UseRawInputEncoding as the first line of the file
or specify an encoding such as \usepackage [latin1]{inputenc}
in the document preamble.
Alternatively, save the file in UTF-8 using your editor or another tool


d:/UNIVERSIDAD_UTP/Curso_Inteligencia_Artificial/S06 - Aprendizaje de reglas/S06.s11_guia_laboratorio/S06.s11_guia_laboratorio.tex:144: LaTeX Error: Invalid UTF-8 byte sequence (\lst@FillFixed@).

See the LaTeX manual or LaTeX Companion for explanation.
Type  H <return>  for immediate help.
 ...                                              
                                                  
l.144 print(f"Precisi贸n del 谩rbol 
                                    de una regla: {accuracy:.2f}")
The document does not appear to be in UTF-8 encoding.
Try adding \UseRawInputEncoding as the first line of the file
or specify an encoding such as \usepackage [latin1]{inputenc}
in the document preamble.
Alternatively, save the file in UTF-8 using your editor or another tool


d:/UNIVERSIDAD_UTP/Curso_Inteligencia_Artificial/S06 - Aprendizaje de reglas/S06.s11_guia_laboratorio/S06.s11_guia_laboratorio.tex:144: LaTeX Error: Invalid UTF-8 byte "A1.

See the LaTeX manual or LaTeX Companion for explanation.
Type  H <return>  for immediate help.
 ...                                              
                                                  
l.144 print(f"Precisi贸n del 谩rbol 
                                    de una regla: {accuracy:.2f}")
The document does not appear to be in UTF-8 encoding.
Try adding \UseRawInputEncoding as the first line of the file
or specify an encoding such as \usepackage [latin1]{inputenc}
in the document preamble.
Alternatively, save the file in UTF-8 using your editor or another tool


d:/UNIVERSIDAD_UTP/Curso_Inteligencia_Artificial/S06 - Aprendizaje de reglas/S06.s11_guia_laboratorio/S06.s11_guia_laboratorio.tex:152: LaTeX Error: Invalid UTF-8 byte sequence (\expandafter).

See the LaTeX manual or LaTeX Companion for explanation.
Type  H <return>  for immediate help.
 ...                                              
                                                  
l.152 ...s=features, class_names=['No Sobrevivi贸'
                                                  , 'Sobrevivi贸'], filled=T...
The document does not appear to be in UTF-8 encoding.
Try adding \UseRawInputEncoding as the first line of the file
or specify an encoding such as \usepackage [latin1]{inputenc}
in the document preamble.
Alternatively, save the file in UTF-8 using your editor or another tool


d:/UNIVERSIDAD_UTP/Curso_Inteligencia_Artificial/S06 - Aprendizaje de reglas/S06.s11_guia_laboratorio/S06.s11_guia_laboratorio.tex:152: LaTeX Error: Invalid UTF-8 byte "B3.

See the LaTeX manual or LaTeX Companion for explanation.
Type  H <return>  for immediate help.
 ...                                              
                                                  
l.152 ...s=features, class_names=['No Sobrevivi贸'
                                                  , 'Sobrevivi贸'], filled=T...
The document does not appear to be in UTF-8 encoding.
Try adding \UseRawInputEncoding as the first line of the file
or specify an encoding such as \usepackage [latin1]{inputenc}
in the document preamble.
Alternatively, save the file in UTF-8 using your editor or another tool


d:/UNIVERSIDAD_UTP/Curso_Inteligencia_Artificial/S06 - Aprendizaje de reglas/S06.s11_guia_laboratorio/S06.s11_guia_laboratorio.tex:152: LaTeX Error: Invalid UTF-8 byte sequence (\expandafter).

See the LaTeX manual or LaTeX Companion for explanation.
Type  H <return>  for immediate help.
 ...                                              
                                                  
l.152 ...ss_names=['No Sobrevivi贸', 'Sobrevivi贸'
                                                  ], filled=True)
The document does not appear to be in UTF-8 encoding.
Try adding \UseRawInputEncoding as the first line of the file
or specify an encoding such as \usepackage [latin1]{inputenc}
in the document preamble.
Alternatively, save the file in UTF-8 using your editor or another tool


d:/UNIVERSIDAD_UTP/Curso_Inteligencia_Artificial/S06 - Aprendizaje de reglas/S06.s11_guia_laboratorio/S06.s11_guia_laboratorio.tex:152: LaTeX Error: Invalid UTF-8 byte "B3.

See the LaTeX manual or LaTeX Companion for explanation.
Type  H <return>  for immediate help.
 ...                                              
                                                  
l.152 ...ss_names=['No Sobrevivi贸', 'Sobrevivi贸'
                                                  ], filled=True)
The document does not appear to be in UTF-8 encoding.
Try adding \UseRawInputEncoding as the first line of the file
or specify an encoding such as \usepackage [latin1]{inputenc}
in the document preamble.
Alternatively, save the file in UTF-8 using your editor or another tool


d:/UNIVERSIDAD_UTP/Curso_Inteligencia_Artificial/S06 - Aprendizaje de reglas/S06.s11_guia_laboratorio/S06.s11_guia_laboratorio.tex:153: LaTeX Error: Invalid UTF-8 byte sequence (\lst@FillFixed@).

See the LaTeX manual or LaTeX Companion for explanation.
Type  H <return>  for immediate help.
 ...                                              
                                                  
l.153 plt.title("rbol 
                        de Decisi贸n de Una Regla")
The document does not appear to be in UTF-8 encoding.
Try adding \UseRawInputEncoding as the first line of the file
or specify an encoding such as \usepackage [latin1]{inputenc}
in the document preamble.
Alternatively, save the file in UTF-8 using your editor or another tool


d:/UNIVERSIDAD_UTP/Curso_Inteligencia_Artificial/S06 - Aprendizaje de reglas/S06.s11_guia_laboratorio/S06.s11_guia_laboratorio.tex:153: LaTeX Error: Invalid UTF-8 byte "81.

See the LaTeX manual or LaTeX Companion for explanation.
Type  H <return>  for immediate help.
 ...                                              
                                                  
l.153 plt.title("rbol 
                        de Decisi贸n de Una Regla")
The document does not appear to be in UTF-8 encoding.
Try adding \UseRawInputEncoding as the first line of the file
or specify an encoding such as \usepackage [latin1]{inputenc}
in the document preamble.
Alternatively, save the file in UTF-8 using your editor or another tool


d:/UNIVERSIDAD_UTP/Curso_Inteligencia_Artificial/S06 - Aprendizaje de reglas/S06.s11_guia_laboratorio/S06.s11_guia_laboratorio.tex:153: LaTeX Error: Invalid UTF-8 byte sequence (\expandafter).

See the LaTeX manual or LaTeX Companion for explanation.
Type  H <return>  for immediate help.
 ...                                              
                                                  
l.153 plt.title("rbol de Decisi贸n 
                                     de Una Regla")
The document does not appear to be in UTF-8 encoding.
Try adding \UseRawInputEncoding as the first line of the file
or specify an encoding such as \usepackage [latin1]{inputenc}
in the document preamble.
Alternatively, save the file in UTF-8 using your editor or another tool


d:/UNIVERSIDAD_UTP/Curso_Inteligencia_Artificial/S06 - Aprendizaje de reglas/S06.s11_guia_laboratorio/S06.s11_guia_laboratorio.tex:153: LaTeX Error: Invalid UTF-8 byte "B3.

See the LaTeX manual or LaTeX Companion for explanation.
Type  H <return>  for immediate help.
 ...                                              
                                                  
l.153 plt.title("rbol de Decisi贸n 
                                     de Una Regla")
The document does not appear to be in UTF-8 encoding.
Try adding \UseRawInputEncoding as the first line of the file
or specify an encoding such as \usepackage [latin1]{inputenc}
in the document preamble.
Alternatively, save the file in UTF-8 using your editor or another tool


d:/UNIVERSIDAD_UTP/Curso_Inteligencia_Artificial/S06 - Aprendizaje de reglas/S06.s11_guia_laboratorio/S06.s11_guia_laboratorio.tex:170: LaTeX Error: Invalid UTF-8 byte sequence (\lst@FillFixed@).

See the LaTeX manual or LaTeX Companion for explanation.
Type  H <return>  for immediate help.
 ...                                              
                                                  
l.170 # Entrenar 谩rbol 
                        con profundidad 3
The document does not appear to be in UTF-8 encoding.
Try adding \UseRawInputEncoding as the first line of the file
or specify an encoding such as \usepackage [latin1]{inputenc}
in the document preamble.
Alternatively, save the file in UTF-8 using your editor or another tool


d:/UNIVERSIDAD_UTP/Curso_Inteligencia_Artificial/S06 - Aprendizaje de reglas/S06.s11_guia_laboratorio/S06.s11_guia_laboratorio.tex:170: LaTeX Error: Invalid UTF-8 byte "A1.

See the LaTeX manual or LaTeX Companion for explanation.
Type  H <return>  for immediate help.
 ...                                              
                                                  
l.170 # Entrenar 谩rbol 
                        con profundidad 3
The document does not appear to be in UTF-8 encoding.
Try adding \UseRawInputEncoding as the first line of the file
or specify an encoding such as \usepackage [latin1]{inputenc}
in the document preamble.
Alternatively, save the file in UTF-8 using your editor or another tool


d:/UNIVERSIDAD_UTP/Curso_Inteligencia_Artificial/S06 - Aprendizaje de reglas/S06.s11_guia_laboratorio/S06.s11_guia_laboratorio.tex:176: LaTeX Error: Invalid UTF-8 byte sequence (\lst@FillFixed@).

See the LaTeX manual or LaTeX Companion for explanation.
Type  H <return>  for immediate help.
 ...                                              
                                                  
l.176 print("Reglas del 谩rbol 
                               de decisi贸n:")
The document does not appear to be in UTF-8 encoding.
Try adding \UseRawInputEncoding as the first line of the file
or specify an encoding such as \usepackage [latin1]{inputenc}
in the document preamble.
Alternatively, save the file in UTF-8 using your editor or another tool


d:/UNIVERSIDAD_UTP/Curso_Inteligencia_Artificial/S06 - Aprendizaje de reglas/S06.s11_guia_laboratorio/S06.s11_guia_laboratorio.tex:176: LaTeX Error: Invalid UTF-8 byte "A1.

See the LaTeX manual or LaTeX Companion for explanation.
Type  H <return>  for immediate help.
 ...                                              
                                                  
l.176 print("Reglas del 谩rbol 
                               de decisi贸n:")
The document does not appear to be in UTF-8 encoding.
Try adding \UseRawInputEncoding as the first line of the file
or specify an encoding such as \usepackage [latin1]{inputenc}
in the document preamble.
Alternatively, save the file in UTF-8 using your editor or another tool


d:/UNIVERSIDAD_UTP/Curso_Inteligencia_Artificial/S06 - Aprendizaje de reglas/S06.s11_guia_laboratorio/S06.s11_guia_laboratorio.tex:176: LaTeX Error: Invalid UTF-8 byte sequence (\expandafter).

See the LaTeX manual or LaTeX Companion for explanation.
Type  H <return>  for immediate help.
 ...                                              
                                                  
l.176 print("Reglas del 谩rbol de decisi贸n:
                                            ")
The document does not appear to be in UTF-8 encoding.
Try adding \UseRawInputEncoding as the first line of the file
or specify an encoding such as \usepackage [latin1]{inputenc}
in the document preamble.
Alternatively, save the file in UTF-8 using your editor or another tool


d:/UNIVERSIDAD_UTP/Curso_Inteligencia_Artificial/S06 - Aprendizaje de reglas/S06.s11_guia_laboratorio/S06.s11_guia_laboratorio.tex:176: LaTeX Error: Invalid UTF-8 byte "B3.

See the LaTeX manual or LaTeX Companion for explanation.
Type  H <return>  for immediate help.
 ...                                              
                                                  
l.176 print("Reglas del 谩rbol de decisi贸n:
                                            ")
The document does not appear to be in UTF-8 encoding.
Try adding \UseRawInputEncoding as the first line of the file
or specify an encoding such as \usepackage [latin1]{inputenc}
in the document preamble.
Alternatively, save the file in UTF-8 using your editor or another tool



[3]

d:/UNIVERSIDAD_UTP/Curso_Inteligencia_Artificial/S06 - Aprendizaje de reglas/S06.s11_guia_laboratorio/S06.s11_guia_laboratorio.tex:189: LaTeX Error: Invalid UTF-8 byte sequence (\expandafter).

See the LaTeX manual or LaTeX Companion for explanation.
Type  H <return>  for immediate help.
 ...                                              
                                                  
l.189         return "Ni帽o"
                            
The document does not appear to be in UTF-8 encoding.
Try adding \UseRawInputEncoding as the first line of the file
or specify an encoding such as \usepackage [latin1]{inputenc}
in the document preamble.
Alternatively, save the file in UTF-8 using your editor or another tool


d:/UNIVERSIDAD_UTP/Curso_Inteligencia_Artificial/S06 - Aprendizaje de reglas/S06.s11_guia_laboratorio/S06.s11_guia_laboratorio.tex:189: LaTeX Error: Invalid UTF-8 byte "B1.

See the LaTeX manual or LaTeX Companion for explanation.
Type  H <return>  for immediate help.
 ...                                              
                                                  
l.189         return "Ni帽o"
                            
The document does not appear to be in UTF-8 encoding.
Try adding \UseRawInputEncoding as the first line of the file
or specify an encoding such as \usepackage [latin1]{inputenc}
in the document preamble.
Alternatively, save the file in UTF-8 using your editor or another tool


d:/UNIVERSIDAD_UTP/Curso_Inteligencia_Artificial/S06 - Aprendizaje de reglas/S06.s11_guia_laboratorio/S06.s11_guia_laboratorio.tex:211: LaTeX Error: Invalid UTF-8 byte sequence (\expandafter).

See the LaTeX manual or LaTeX Companion for explanation.
Type  H <return>  for immediate help.
 ...                                              
                                                  
l.211         return "Pl谩tano"
                               
The document does not appear to be in UTF-8 encoding.
Try adding \UseRawInputEncoding as the first line of the file
or specify an encoding such as \usepackage [latin1]{inputenc}
in the document preamble.
Alternatively, save the file in UTF-8 using your editor or another tool


d:/UNIVERSIDAD_UTP/Curso_Inteligencia_Artificial/S06 - Aprendizaje de reglas/S06.s11_guia_laboratorio/S06.s11_guia_laboratorio.tex:211: LaTeX Error: Invalid UTF-8 byte "A1.

See the LaTeX manual or LaTeX Companion for explanation.
Type  H <return>  for immediate help.
 ...                                              
                                                  
l.211         return "Pl谩tano"
                               
The document does not appear to be in UTF-8 encoding.
Try adding \UseRawInputEncoding as the first line of the file
or specify an encoding such as \usepackage [latin1]{inputenc}
in the document preamble.
Alternatively, save the file in UTF-8 using your editor or another tool


d:/UNIVERSIDAD_UTP/Curso_Inteligencia_Artificial/S06 - Aprendizaje de reglas/S06.s11_guia_laboratorio/S06.s11_guia_laboratorio.tex:215: LaTeX Error: Invalid UTF-8 byte sequence (\expandafter).

See the LaTeX manual or LaTeX Companion for explanation.
Type  H <return>  for immediate help.
 ...                                              
                                                  
l.215 print(clasificar_fruta("rojo", "peque帽o"
                                               , "dulce"))
The document does not appear to be in UTF-8 encoding.
Try adding \UseRawInputEncoding as the first line of the file
or specify an encoding such as \usepackage [latin1]{inputenc}
in the document preamble.
Alternatively, save the file in UTF-8 using your editor or another tool


d:/UNIVERSIDAD_UTP/Curso_Inteligencia_Artificial/S06 - Aprendizaje de reglas/S06.s11_guia_laboratorio/S06.s11_guia_laboratorio.tex:215: LaTeX Error: Invalid UTF-8 byte "B1.

See the LaTeX manual or LaTeX Companion for explanation.
Type  H <return>  for immediate help.
 ...                                              
                                                  
l.215 print(clasificar_fruta("rojo", "peque帽o"
                                               , "dulce"))
The document does not appear to be in UTF-8 encoding.
Try adding \UseRawInputEncoding as the first line of the file
or specify an encoding such as \usepackage [latin1]{inputenc}
in the document preamble.
Alternatively, save the file in UTF-8 using your editor or another tool


d:/UNIVERSIDAD_UTP/Curso_Inteligencia_Artificial/S06 - Aprendizaje de reglas/S06.s11_guia_laboratorio/S06.s11_guia_laboratorio.tex:229: LaTeX Error: Invalid UTF-8 byte sequence (\expandafter).

See the LaTeX manual or LaTeX Companion for explanation.
Type  H <return>  for immediate help.
 ...                                              
                                                  
l.229         return "Revisi贸n 
                                manual"
The document does not appear to be in UTF-8 encoding.
Try adding \UseRawInputEncoding as the first line of the file
or specify an encoding such as \usepackage [latin1]{inputenc}
in the document preamble.
Alternatively, save the file in UTF-8 using your editor or another tool


d:/UNIVERSIDAD_UTP/Curso_Inteligencia_Artificial/S06 - Aprendizaje de reglas/S06.s11_guia_laboratorio/S06.s11_guia_laboratorio.tex:229: LaTeX Error: Invalid UTF-8 byte "B3.

See the LaTeX manual or LaTeX Companion for explanation.
Type  H <return>  for immediate help.
 ...                                              
                                                  
l.229         return "Revisi贸n 
                                manual"
The document does not appear to be in UTF-8 encoding.
Try adding \UseRawInputEncoding as the first line of the file
or specify an encoding such as \usepackage [latin1]{inputenc}
in the document preamble.
Alternatively, save the file in UTF-8 using your editor or another tool

(c:/texlive/2025/texmf-dist/tex/latex/listings/lstlang1.sty
File: lstlang1.sty 2024/09/23 1.10c listings language file
) (c:/texlive/2025/texmf-dist/tex/latex/listings/lstlang2.sty
File: lstlang2.sty 2024/09/23 1.10c listings language file
)

[4]

d:/UNIVERSIDAD_UTP/Curso_Inteligencia_Artificial/S06 - Aprendizaje de reglas/S06.s11_guia_laboratorio/S06.s11_guia_laboratorio.tex:277: LaTeX Error: Invalid UTF-8 byte sequence (\expandafter).

See the LaTeX manual or LaTeX Companion for explanation.
Type  H <return>  for immediate help.
 ...                                              
                                                  
l.277     # Calcular precisi贸n,
                                 recall y F1-score
The document does not appear to be in UTF-8 encoding.
Try adding \UseRawInputEncoding as the first line of the file
or specify an encoding such as \usepackage [latin1]{inputenc}
in the document preamble.
Alternatively, save the file in UTF-8 using your editor or another tool


d:/UNIVERSIDAD_UTP/Curso_Inteligencia_Artificial/S06 - Aprendizaje de reglas/S06.s11_guia_laboratorio/S06.s11_guia_laboratorio.tex:277: LaTeX Error: Invalid UTF-8 byte "B3.

See the LaTeX manual or LaTeX Companion for explanation.
Type  H <return>  for immediate help.
 ...                                              
                                                  
l.277     # Calcular precisi贸n,
                                 recall y F1-score
The document does not appear to be in UTF-8 encoding.
Try adding \UseRawInputEncoding as the first line of the file
or specify an encoding such as \usepackage [latin1]{inputenc}
in the document preamble.
Alternatively, save the file in UTF-8 using your editor or another tool


d:/UNIVERSIDAD_UTP/Curso_Inteligencia_Artificial/S06 - Aprendizaje de reglas/S06.s11_guia_laboratorio/S06.s11_guia_laboratorio.tex:287: LaTeX Error: Invalid UTF-8 byte sequence (\expandafter).

See the LaTeX manual or LaTeX Companion for explanation.
Type  H <return>  for immediate help.
 ...                                              
                                                  
l.287 print(f"Precisi贸n:
                          {accuracy:.2f}, Cobertura: {coverage:.2f}")
The document does not appear to be in UTF-8 encoding.
Try adding \UseRawInputEncoding as the first line of the file
or specify an encoding such as \usepackage [latin1]{inputenc}
in the document preamble.
Alternatively, save the file in UTF-8 using your editor or another tool


d:/UNIVERSIDAD_UTP/Curso_Inteligencia_Artificial/S06 - Aprendizaje de reglas/S06.s11_guia_laboratorio/S06.s11_guia_laboratorio.tex:287: LaTeX Error: Invalid UTF-8 byte "B3.

See the LaTeX manual or LaTeX Companion for explanation.
Type  H <return>  for immediate help.
 ...                                              
                                                  
l.287 print(f"Precisi贸n:
                          {accuracy:.2f}, Cobertura: {coverage:.2f}")
The document does not appear to be in UTF-8 encoding.
Try adding \UseRawInputEncoding as the first line of the file
or specify an encoding such as \usepackage [latin1]{inputenc}
in the document preamble.
Alternatively, save the file in UTF-8 using your editor or another tool


d:/UNIVERSIDAD_UTP/Curso_Inteligencia_Artificial/S06 - Aprendizaje de reglas/S06.s11_guia_laboratorio/S06.s11_guia_laboratorio.tex:288: LaTeX Error: Invalid UTF-8 byte sequence (\expandafter).

See the LaTeX manual or LaTeX Companion for explanation.
Type  H <return>  for immediate help.
 ...                                              
                                                  
l.288 print(f"Precisi贸n:
                          {precision:.2f}, Recall: {recall:.2f}, F1: {f1:.2f}")
The document does not appear to be in UTF-8 encoding.
Try adding \UseRawInputEncoding as the first line of the file
or specify an encoding such as \usepackage [latin1]{inputenc}
in the document preamble.
Alternatively, save the file in UTF-8 using your editor or another tool


d:/UNIVERSIDAD_UTP/Curso_Inteligencia_Artificial/S06 - Aprendizaje de reglas/S06.s11_guia_laboratorio/S06.s11_guia_laboratorio.tex:288: LaTeX Error: Invalid UTF-8 byte "B3.

See the LaTeX manual or LaTeX Companion for explanation.
Type  H <return>  for immediate help.
 ...                                              
                                                  
l.288 print(f"Precisi贸n:
                          {precision:.2f}, Recall: {recall:.2f}, F1: {f1:.2f}")
The document does not appear to be in UTF-8 encoding.
Try adding \UseRawInputEncoding as the first line of the file
or specify an encoding such as \usepackage [latin1]{inputenc}
in the document preamble.
Alternatively, save the file in UTF-8 using your editor or another tool



[5]

d:/UNIVERSIDAD_UTP/Curso_Inteligencia_Artificial/S06 - Aprendizaje de reglas/S06.s11_guia_laboratorio/S06.s11_guia_laboratorio.tex:297: LaTeX Error: Invalid UTF-8 byte sequence (\expandafter).

See the LaTeX manual or LaTeX Companion for explanation.
Type  H <return>  for immediate help.
 ...                                              
                                                  
l.297 datos_edad = [(10, "Ni帽o"
                                ), (15, "Joven"), (25, "Adulto"), (70, "Anci...
The document does not appear to be in UTF-8 encoding.
Try adding \UseRawInputEncoding as the first line of the file
or specify an encoding such as \usepackage [latin1]{inputenc}
in the document preamble.
Alternatively, save the file in UTF-8 using your editor or another tool


d:/UNIVERSIDAD_UTP/Curso_Inteligencia_Artificial/S06 - Aprendizaje de reglas/S06.s11_guia_laboratorio/S06.s11_guia_laboratorio.tex:297: LaTeX Error: Invalid UTF-8 byte "B1.

See the LaTeX manual or LaTeX Companion for explanation.
Type  H <return>  for immediate help.
 ...                                              
                                                  
l.297 datos_edad = [(10, "Ni帽o"
                                ), (15, "Joven"), (25, "Adulto"), (70, "Anci...
The document does not appear to be in UTF-8 encoding.
Try adding \UseRawInputEncoding as the first line of the file
or specify an encoding such as \usepackage [latin1]{inputenc}
in the document preamble.
Alternatively, save the file in UTF-8 using your editor or another tool


d:/UNIVERSIDAD_UTP/Curso_Inteligencia_Artificial/S06 - Aprendizaje de reglas/S06.s11_guia_laboratorio/S06.s11_guia_laboratorio.tex:306: LaTeX Error: Invalid UTF-8 byte sequence (\expandafter).

See the LaTeX manual or LaTeX Companion for explanation.
Type  H <return>  for immediate help.
 ...                                              
                                                  
l.306 print(f"Precisi贸n 
                         del sistema manual: {precision_manual:.2f}")
The document does not appear to be in UTF-8 encoding.
Try adding \UseRawInputEncoding as the first line of the file
or specify an encoding such as \usepackage [latin1]{inputenc}
in the document preamble.
Alternatively, save the file in UTF-8 using your editor or another tool


d:/UNIVERSIDAD_UTP/Curso_Inteligencia_Artificial/S06 - Aprendizaje de reglas/S06.s11_guia_laboratorio/S06.s11_guia_laboratorio.tex:306: LaTeX Error: Invalid UTF-8 byte "B3.

See the LaTeX manual or LaTeX Companion for explanation.
Type  H <return>  for immediate help.
 ...                                              
                                                  
l.306 print(f"Precisi贸n 
                         del sistema manual: {precision_manual:.2f}")
The document does not appear to be in UTF-8 encoding.
Try adding \UseRawInputEncoding as the first line of the file
or specify an encoding such as \usepackage [latin1]{inputenc}
in the document preamble.
Alternatively, save the file in UTF-8 using your editor or another tool


d:/UNIVERSIDAD_UTP/Curso_Inteligencia_Artificial/S06 - Aprendizaje de reglas/S06.s11_guia_laboratorio/S06.s11_guia_laboratorio.tex:308: LaTeX Error: Invalid UTF-8 byte sequence (\lst@FillFixed@).

See the LaTeX manual or LaTeX Companion for explanation.
Type  H <return>  for immediate help.
 ...                                              
                                                  
l.308 # Comparar con 谩rbol 
                            de decisi贸n (usando Iris como ejemplo)
The document does not appear to be in UTF-8 encoding.
Try adding \UseRawInputEncoding as the first line of the file
or specify an encoding such as \usepackage [latin1]{inputenc}
in the document preamble.
Alternatively, save the file in UTF-8 using your editor or another tool


d:/UNIVERSIDAD_UTP/Curso_Inteligencia_Artificial/S06 - Aprendizaje de reglas/S06.s11_guia_laboratorio/S06.s11_guia_laboratorio.tex:308: LaTeX Error: Invalid UTF-8 byte "A1.

See the LaTeX manual or LaTeX Companion for explanation.
Type  H <return>  for immediate help.
 ...                                              
                                                  
l.308 # Comparar con 谩rbol 
                            de decisi贸n (usando Iris como ejemplo)
The document does not appear to be in UTF-8 encoding.
Try adding \UseRawInputEncoding as the first line of the file
or specify an encoding such as \usepackage [latin1]{inputenc}
in the document preamble.
Alternatively, save the file in UTF-8 using your editor or another tool


d:/UNIVERSIDAD_UTP/Curso_Inteligencia_Artificial/S06 - Aprendizaje de reglas/S06.s11_guia_laboratorio/S06.s11_guia_laboratorio.tex:308: LaTeX Error: Invalid UTF-8 byte sequence (\expandafter).

See the LaTeX manual or LaTeX Companion for explanation.
Type  H <return>  for immediate help.
 ...                                              
                                                  
l.308 # Comparar con 谩rbol de decisi贸n 
                                         (usando Iris como ejemplo)
The document does not appear to be in UTF-8 encoding.
Try adding \UseRawInputEncoding as the first line of the file
or specify an encoding such as \usepackage [latin1]{inputenc}
in the document preamble.
Alternatively, save the file in UTF-8 using your editor or another tool


d:/UNIVERSIDAD_UTP/Curso_Inteligencia_Artificial/S06 - Aprendizaje de reglas/S06.s11_guia_laboratorio/S06.s11_guia_laboratorio.tex:308: LaTeX Error: Invalid UTF-8 byte "B3.

See the LaTeX manual or LaTeX Companion for explanation.
Type  H <return>  for immediate help.
 ...                                              
                                                  
l.308 # Comparar con 谩rbol de decisi贸n 
                                         (usando Iris como ejemplo)
The document does not appear to be in UTF-8 encoding.
Try adding \UseRawInputEncoding as the first line of the file
or specify an encoding such as \usepackage [latin1]{inputenc}
in the document preamble.
Alternatively, save the file in UTF-8 using your editor or another tool


d:/UNIVERSIDAD_UTP/Curso_Inteligencia_Artificial/S06 - Aprendizaje de reglas/S06.s11_guia_laboratorio/S06.s11_guia_laboratorio.tex:311: LaTeX Error: Invalid UTF-8 byte sequence (\expandafter).

See the LaTeX manual or LaTeX Companion for explanation.
Type  H <return>  for immediate help.
 ...                                              
                                                  
l.311 print(f"Precisi贸n 
                         del 谩rbol de decisi贸n: {precision_arbol:.2f}")
The document does not appear to be in UTF-8 encoding.
Try adding \UseRawInputEncoding as the first line of the file
or specify an encoding such as \usepackage [latin1]{inputenc}
in the document preamble.
Alternatively, save the file in UTF-8 using your editor or another tool


d:/UNIVERSIDAD_UTP/Curso_Inteligencia_Artificial/S06 - Aprendizaje de reglas/S06.s11_guia_laboratorio/S06.s11_guia_laboratorio.tex:311: LaTeX Error: Invalid UTF-8 byte "B3.

See the LaTeX manual or LaTeX Companion for explanation.
Type  H <return>  for immediate help.
 ...                                              
                                                  
l.311 print(f"Precisi贸n 
                         del 谩rbol de decisi贸n: {precision_arbol:.2f}")
The document does not appear to be in UTF-8 encoding.
Try adding \UseRawInputEncoding as the first line of the file
or specify an encoding such as \usepackage [latin1]{inputenc}
in the document preamble.
Alternatively, save the file in UTF-8 using your editor or another tool


d:/UNIVERSIDAD_UTP/Curso_Inteligencia_Artificial/S06 - Aprendizaje de reglas/S06.s11_guia_laboratorio/S06.s11_guia_laboratorio.tex:311: LaTeX Error: Invalid UTF-8 byte sequence (\lst@FillFixed@).

See the LaTeX manual or LaTeX Companion for explanation.
Type  H <return>  for immediate help.
 ...                                              
                                                  
l.311 print(f"Precisi贸n del 谩rbol 
                                    de decisi贸n: {precision_arbol:.2f}")
The document does not appear to be in UTF-8 encoding.
Try adding \UseRawInputEncoding as the first line of the file
or specify an encoding such as \usepackage [latin1]{inputenc}
in the document preamble.
Alternatively, save the file in UTF-8 using your editor or another tool


d:/UNIVERSIDAD_UTP/Curso_Inteligencia_Artificial/S06 - Aprendizaje de reglas/S06.s11_guia_laboratorio/S06.s11_guia_laboratorio.tex:311: LaTeX Error: Invalid UTF-8 byte "A1.

See the LaTeX manual or LaTeX Companion for explanation.
Type  H <return>  for immediate help.
 ...                                              
                                                  
l.311 print(f"Precisi贸n del 谩rbol 
                                    de decisi贸n: {precision_arbol:.2f}")
The document does not appear to be in UTF-8 encoding.
Try adding \UseRawInputEncoding as the first line of the file
or specify an encoding such as \usepackage [latin1]{inputenc}
in the document preamble.
Alternatively, save the file in UTF-8 using your editor or another tool


d:/UNIVERSIDAD_UTP/Curso_Inteligencia_Artificial/S06 - Aprendizaje de reglas/S06.s11_guia_laboratorio/S06.s11_guia_laboratorio.tex:311: LaTeX Error: Invalid UTF-8 byte sequence (\expandafter).

See the LaTeX manual or LaTeX Companion for explanation.
Type  H <return>  for immediate help.
 ...                                              
                                                  
l.311 print(f"Precisi贸n del 谩rbol de decisi贸n:
                                                  {precision_arbol:.2f}")
The document does not appear to be in UTF-8 encoding.
Try adding \UseRawInputEncoding as the first line of the file
or specify an encoding such as \usepackage [latin1]{inputenc}
in the document preamble.
Alternatively, save the file in UTF-8 using your editor or another tool


d:/UNIVERSIDAD_UTP/Curso_Inteligencia_Artificial/S06 - Aprendizaje de reglas/S06.s11_guia_laboratorio/S06.s11_guia_laboratorio.tex:311: LaTeX Error: Invalid UTF-8 byte "B3.

See the LaTeX manual or LaTeX Companion for explanation.
Type  H <return>  for immediate help.
 ...                                              
                                                  
l.311 print(f"Precisi贸n del 谩rbol de decisi贸n:
                                                  {precision_arbol:.2f}")
The document does not appear to be in UTF-8 encoding.
Try adding \UseRawInputEncoding as the first line of the file
or specify an encoding such as \usepackage [latin1]{inputenc}
in the document preamble.
Alternatively, save the file in UTF-8 using your editor or another tool



[6] (./S06.s11_guia_laboratorio.aux
LaTeX Info: Redefining \. on input line 8.
LaTeX Info: Redefining \% on input line 8.
)
 ***********
LaTeX2e <2025-06-01> patch level 1
L3 programming layer <2025-07-11>
 ***********
 ) 
Here is how much of TeX's memory you used:
 7616 strings out of 467816
 110845 string characters out of 5436431
 1104440 words of memory out of 5000000
 36172 multiletter control sequences out of 15000+600000
 638686 words of font info for 67 fonts, out of 8000000 for 9000
 1141 hyphenation exceptions out of 8191
 57i,6n,65p,662b,1419s stack positions out of 10000i,1000n,20000p,200000b,200000s
<c:/texlive/2025/texmf-dist/fonts/type1/public/cm-super/sfbx1200.pfb><c:/texlive/2025/texmf-dist/fonts/type1/public/cm-super/sfbx1440.pfb><c:/texlive/2025/texmf-dist/fonts/type1/public/cm-super/sfbx1728.pfb><c:/texlive/2025/texmf-dist/fonts/type1/public/cm-super/sfrm0600.pfb><c:/texlive/2025/texmf-dist/fonts/type1/public/cm-super/sfrm0800.pfb><c:/texlive/2025/texmf-dist/fonts/type1/public/cm-super/sfrm1200.pfb><c:/texlive/2025/texmf-dist/fonts/type1/public/cm-super/sfrm1440.pfb><c:/texlive/2025/texmf-dist/fonts/type1/public/cm-super/sfrm2074.pfb><c:/texlive/2025/texmf-dist/fonts/type1/public/cm-super/sftt1000.pfb>
Output written on S06.s11_guia_laboratorio.pdf (6 pages, 194175 bytes).
PDF statistics:
 69 PDF objects out of 1000 (max. 8388607)
 42 compressed objects within 1 object stream
 0 named destinations out of 1000 (max. 500000)
 1 words of extra memory for PDF output out of 10000 (max. 10000000)

